{"name": "test_failing", "status": "failed", "statusDetails": {"message": "AssertionError: assert (1, 2, 3) == (2, 2, 3)\n  At index 0 diff: 1 != 2\n  Full diff:\n  - (2, 2, 3)\n  + (1, 2, 3)", "trace": "def test_failing():\n>       assert (1, 2, 3) == (2, 2, 3)\nE       assert (1, 2, 3) == (2, 2, 3)\nE         At index 0 diff: 1 != 2\nE         Full diff:\nE         - (2, 2, 3)\nE         + (1, 2, 3)\n\ntest_uni.py:9: AssertionError"}, "start": 1692892183289, "stop": 1692892183290, "uuid": "f94fb2b6-d058-406f-9592-df7670abb4d4", "historyId": "c1d263174f45d371ba95fdfb3e5b4ea7", "testCaseId": "c1d263174f45d371ba95fdfb3e5b4ea7", "fullName": "testcases.test_uni#test_failing", "labels": [{"name": "parentSuite", "value": "testcases"}, {"name": "suite", "value": "test_uni"}, {"name": "host", "value": "MateBookXPro微绒典藏版"}, {"name": "thread", "value": "18072-MainThread"}, {"name": "framework", "value": "pytest"}, {"name": "language", "value": "cpython3"}, {"name": "package", "value": "testcases.test_uni"}]}